<?xml version="1.0" encoding="UTF-8"?>
<testsuite xmlns:xsi="http://www.w3.org/2001/XMLSchema-instance" xsi:noNamespaceSchemaLocation="https://maven.apache.org/surefire/maven-surefire-plugin/xsd/surefire-test-report-3.0.xsd" version="3.0" name="com.out.lowCodeExam.runners.TestRunner" time="20.065" tests="1" errors="0" skipped="0" failures="0">
  <properties>
[...]
</properties>
  <testcase name="Usuario ingresa a la aplicación Tareas y agrega una categoria de recordatorio" classname="Agregar una Categoria" time="19.671">
    <system-out><![CDATA[
Scenario: Usuario ingresa a la aplicación Tareas y agrega una categoria de recordatorio &amp#27;[90m# src/test/resources/features/Alumnos/add-recordatorio.feature:3&amp#27;[0m
  &amp#27;[32mGiven &amp#27;[0m&amp#27;[32mel usuario abre la aplicación de Tareas&amp#27;[0m                                         &amp#27;[90m# com.out.lowCodeExam.steps.notCodeTstSteps.abrirFormulario()&amp#27;[0m
  &amp#27;[32mAnd &amp#27;[0m&amp#27;[32mel usuario hace clic el tap &amp#27;[0m&amp#27;[32m&amp#27;[1m"Categorias"&amp#27;[0m                                          &amp#27;[90m# com.out.lowCodeExam.steps.notCodeTstSteps.el_usuario_hace_clic_el_tap(java.lang.String)&amp#27;[0m
  &amp#27;[32mAnd &amp#27;[0m&amp#27;[32mel usuario hace clic en el botón &amp#27;[0m&amp#27;[32m&amp#27;[1m"Add Categoria"&amp#27;[0m                                  &amp#27;[90m# com.out.lowCodeExam.steps.notCodeTstSteps.el_usuario_hace_clic_en(java.lang.String)&amp#27;[0m
  &amp#27;[32mAnd &amp#27;[0m&amp#27;[32mel usuario ingresa el Nombre &amp#27;[0m&amp#27;[32m&amp#27;[1m"Categoria"&amp#27;[0m&amp#27;[32m en el campo con id &amp#27;[0m&amp#27;[32m&amp#27;[1m"Input_Nombre"&amp#27;[0m        &amp#27;[90m# com.out.lowCodeExam.steps.notCodeTstSteps.el_usuario_ingresa_en_el_campo_nombre_con_id(java.lang.String,java.lang.String)&amp#27;[0m
  &amp#27;[32mAnd &amp#27;[0m&amp#27;[32mel usuario elige &amp#27;[0m&amp#27;[32m&amp#27;[1m"Verde"&amp#27;[0m&amp#27;[32m en el campo dropdown con id &amp#27;[0m&amp#27;[32m&amp#27;[1m"Dropdown1"&amp#27;[0m                  &amp#27;[90m# com.out.lowCodeExam.steps.notCodeTstSteps.el_usuario_elige_en_el_dropdown_con_id(java.lang.String,java.lang.String)&amp#27;[0m
  &amp#27;[32mWhen &amp#27;[0m&amp#27;[32mel usuario hace clic en el botón &amp#27;[0m&amp#27;[32m&amp#27;[1m"Save"&amp#27;[0m                                          &amp#27;[90m# com.out.lowCodeExam.steps.notCodeTstSteps.el_usuario_hace_clic_en(java.lang.String)&amp#27;[0m
  &amp#27;[32mThen &amp#27;[0m&amp#27;[32mel sistema muestra un mensaje de éxito &amp#27;[0m&amp#27;[32m&amp#27;[1m"Categoria guardada"&amp#27;[0m                      &amp#27;[90m# com.out.lowCodeExam.steps.notCodeTstSteps.el_sistema_muestra_un_mensaje_de_exito(java.lang.String)&amp#27;[0m
]]></system-out>
    <system-err><![CDATA[jul 15, 2025 5:44:22 P. M. org.openqa.selenium.devtools.CdpVersionFinder findNearestMatch
WARNING: Unable to find CDP implementation matching 138
jul 15, 2025 5:44:22 P. M. org.openqa.selenium.chromium.ChromiumDriver lambda$new$5
WARNING: Unable to find version of CDP to use for 138.0.7204.101. You may need to include a dependency on a specific version of the CDP using something similar to `org.seleniumhq.selenium:selenium-devtools-v86:4.20.0` where the version ("v86") matches the version of the chromium-based browser you're using and the version number of the artifact is the same as Selenium's.
]]></system-err>
  </testcase>
</testsuite>